#
# A fatal error has been detected by the Java Runtime Environment:
#
#  EXCEPTION_ACCESS_VIOLATION (0xc0000005) at pc=0x00000000778432d0, pid=13416, tid=8936
#
# JRE version: 7.0_03-b05
# Java VM: Java HotSpot(TM) 64-Bit Server VM (22.1-b02 mixed mode windows-amd64 compressed oops)
# Problematic frame:
# C  [ntdll.dll+0x532d0]
#
# Failed to write core dump. Minidumps are not enabled by default on client versions of Windows
#
# If you would like to submit a bug report, please visit:
#   http://bugreport.sun.com/bugreport/crash.jsp
#

---------------  T H R E A D  ---------------

Current thread (0x00000000063da000):  JavaThread "JDWP Transport Listener: dt_socket" daemon [_thread_in_vm, id=8936, stack(0x0000000007940000,0x0000000007a40000)]

siginfo: ExceptionCode=0xc0000005, reading address 0x000008442b75deb8

Registers:
RAX=0x0000000006357158, RBX=0x000008442b75deb0, RCX=0x000000ffffffffff, RDX=0x0000000006414250
RSP=0x0000000007a3f8a0, RBP=0x0000000000000000, RSI=0x0000000001c60000, RDI=0x0000000006414260
R8 =0x0000000006414260, R9 =0x000004260100007b, R10=0x0000000000000000, R11=0x0000000007a3fc1d
R12=0x0000000000000000, R13=0x0000000000000000, R14=0x0000000000000000, R15=0x0000000000000000
RIP=0x00000000778432d0, EFLAGS=0x0000000000010202

Top of Stack: (sp=0x0000000007a3f8a0)
0x0000000007a3f8a0:   0000000000000019 00000000063c8e20
0x0000000007a3f8b0:   00000000063cc4b0 0000000078c78c47
0x0000000007a3f8c0:   0000000000000002 0000000000000019
0x0000000007a3f8d0:   00000000063da000 000000005785c872
0x0000000007a3f8e0:   0000000000000000 0000000000000000
0x0000000007a3f8f0:   0000000000000000 0000000000000000
0x0000000007a3f900:   0000000001c69c30 0000000006414260
0x0000000007a3f910:   0000000007a3fa80 00000000776f301a
0x0000000007a3f920:   00000000063cc4d0 00000000063da000
0x0000000007a3f930:   00000000063da000 00000000063cc8b0
0x0000000007a3f940:   0000000000000000 0000000078c78cc4
0x0000000007a3f950:   0000000001c69c30 0000000007a3fa50
0x0000000007a3f960:   0000000000000000 0000000000000000
0x0000000007a3f970:   00000000063da000 00000000577f2911
0x0000000007a3f980:   0000000001c69c30 0000000062f68e7d
0x0000000007a3f990:   00000000063da000 00000000063cc8b0 

Instructions: (pc=0x00000000778432d0)
0x00000000778432b0:   ff ff 00 00 00 48 33 de 48 23 c1 48 c1 eb 04 48
0x00000000778432c0:   33 d8 48 33 1d ff f0 0d 00 48 c1 e3 04 0f 0d 0b
0x00000000778432d0:   4c 8b 63 08 49 bd 01 00 00 00 01 00 00 00 49 be
0x00000000778432e0:   ff 7f 00 00 ff ff ff ff c6 42 0f 80 c6 42 0e 00 


Register to memory mapping:

RAX=0x0000000006357158 is a weak global jni handle
RBX=0x000008442b75deb0 is an unknown value
RCX=0x000000ffffffffff is an unknown value
RDX=0x0000000006414250 is an unknown value
RSP=0x0000000007a3f8a0 is pointing into the stack for thread: 0x00000000063da000
RBP=0x0000000000000000 is an unknown value
RSI=0x0000000001c60000 is an unknown value
RDI=0x0000000006414260 is an unknown value
R8 =0x0000000006414260 is an unknown value
R9 =0x000004260100007b is an unknown value
R10=0x0000000000000000 is an unknown value
R11=0x0000000007a3fc1d is pointing into the stack for thread: 0x00000000063da000
R12=0x0000000000000000 is an unknown value
R13=0x0000000000000000 is an unknown value
R14=0x0000000000000000 is an unknown value
R15=0x0000000000000000 is an unknown value


Stack: [0x0000000007940000,0x0000000007a40000],  sp=0x0000000007a3f8a0,  free space=1022k
Native frames: (J=compiled Java code, j=interpreted, Vv=VM code, C=native code)
C  [ntdll.dll+0x532d0]  RtlFreeHeap+0xd0

[error occurred during error reporting (printing native stack), id 0xc0000005]


---------------  P R O C E S S  ---------------

Java Threads: ( => current thread )
  0x0000000006403000 JavaThread "Service Thread" daemon [_thread_blocked, id=12676, stack(0x0000000007d90000,0x0000000007e90000)]
  0x00000000063f2800 JavaThread "C2 CompilerThread1" daemon [_thread_blocked, id=6288, stack(0x0000000007c70000,0x0000000007d70000)]
  0x00000000063f1000 JavaThread "C2 CompilerThread0" daemon [_thread_blocked, id=11040, stack(0x0000000007640000,0x0000000007740000)]
  0x00000000063e4800 JavaThread "JDWP Command Reader" daemon [_thread_in_native, id=3524, stack(0x0000000007820000,0x0000000007920000)]
  0x00000000063e1000 JavaThread "JDWP Event Helper Thread" daemon [_thread_blocked, id=8200, stack(0x0000000007ad0000,0x0000000007bd0000)]
=>0x00000000063da000 JavaThread "JDWP Transport Listener: dt_socket" daemon [_thread_in_vm, id=8936, stack(0x0000000007940000,0x0000000007a40000)]
  0x00000000063d0000 JavaThread "Attach Listener" daemon [_thread_blocked, id=13128, stack(0x0000000007010000,0x0000000007110000)]
  0x00000000063cb000 JavaThread "Signal Dispatcher" daemon [_thread_blocked, id=4852, stack(0x0000000006e70000,0x0000000006f70000)]
  0x0000000002276800 JavaThread "Finalizer" daemon [_thread_blocked, id=13320, stack(0x0000000006d20000,0x0000000006e20000)]
  0x000000000226d800 JavaThread "Reference Handler" daemon [_thread_blocked, id=15132, stack(0x0000000006c20000,0x0000000006d20000)]
  0x0000000001c6d800 JavaThread "main" [_thread_blocked, id=10704, stack(0x0000000002440000,0x0000000002540000)]

Other Threads:
  0x0000000002266000 VMThread [stack: 0x0000000006ae0000,0x0000000006be0000] [id=12748]
  0x000000000640c000 WatcherThread [stack: 0x0000000007f20000,0x0000000008020000] [id=3704]

VM state:not at safepoint (normal execution)

VM Mutex/Monitor currently owned by a thread: None

Heap
 PSYoungGen      total 38144K, used 1308K [0x00000007d56b0000, 0x00000007d8140000, 0x0000000800000000)
  eden space 32704K, 4% used [0x00000007d56b0000,0x00000007d57f7130,0x00000007d76a0000)
  from space 5440K, 0% used [0x00000007d7bf0000,0x00000007d7bf0000,0x00000007d8140000)
  to   space 5440K, 0% used [0x00000007d76a0000,0x00000007d76a0000,0x00000007d7bf0000)
 PSOldGen        total 87168K, used 0K [0x0000000780400000, 0x0000000785920000, 0x00000007d56b0000)
  object space 87168K, 0% used [0x0000000780400000,0x0000000780400000,0x0000000785920000)
 PSPermGen       total 21248K, used 2413K [0x000000077b200000, 0x000000077c6c0000, 0x0000000780400000)
  object space 21248K, 11% used [0x000000077b200000,0x000000077b45b408,0x000000077c6c0000)

Code Cache  [0x0000000002540000, 0x00000000027b0000, 0x0000000005540000)
 total_blobs=154 nmethods=0 adapters=129 free_code_cache=48779Kb largest_free_block=49949888

Dynamic libraries:
0x000000013f190000 - 0x000000013f1c3000 	C:\Program Files\Java\jre7\bin\javaw.exe
0x00000000777f0000 - 0x0000000077999000 	C:\Windows\SYSTEM32\ntdll.dll
0x00000000776d0000 - 0x00000000777ef000 	C:\Windows\system32\kernel32.dll
0x000007fefded0000 - 0x000007fefdf3c000 	C:\Windows\system32\KERNELBASE.dll
0x000007fefe390000 - 0x000007fefe46b000 	C:\Windows\system32\ADVAPI32.dll
0x000007fefe6b0000 - 0x000007fefe74f000 	C:\Windows\system32\msvcrt.dll
0x000007fefe260000 - 0x000007fefe27f000 	C:\Windows\SYSTEM32\sechost.dll
0x000007feff8e0000 - 0x000007feffa0d000 	C:\Windows\system32\RPCRT4.dll
0x0000000077110000 - 0x000000007720a000 	C:\Windows\system32\USER32.dll
0x000007fefe320000 - 0x000007fefe387000 	C:\Windows\system32\GDI32.dll
0x000007fefe020000 - 0x000007fefe02e000 	C:\Windows\system32\LPK.dll
0x000007feff810000 - 0x000007feff8d9000 	C:\Windows\system32\USP10.dll
0x000007fefc870000 - 0x000007fefca64000 	C:\Windows\WinSxS\amd64_microsoft.windows.common-controls_6595b64144ccf1df_6.0.7601.17514_none_fa396087175ac9ac\COMCTL32.dll
0x000007fefe030000 - 0x000007fefe0a1000 	C:\Windows\system32\SHLWAPI.dll
0x000007feff790000 - 0x000007feff7be000 	C:\Windows\system32\IMM32.DLL
0x000007fefe0b0000 - 0x000007fefe1b9000 	C:\Windows\system32\MSCTF.dll
0x0000000078c10000 - 0x0000000078ce1000 	C:\Program Files\Java\jre7\bin\msvcr100.dll
0x00000000576b0000 - 0x0000000057d8a000 	C:\Program Files\Java\jre7\bin\server\jvm.dll
0x000007fef9f30000 - 0x000007fef9f39000 	C:\Windows\system32\WSOCK32.dll
0x000007feff7c0000 - 0x000007feff80d000 	C:\Windows\system32\WS2_32.dll
0x000007feffaf0000 - 0x000007feffaf8000 	C:\Windows\system32\NSI.dll
0x000007fefb910000 - 0x000007fefb94b000 	C:\Windows\system32\WINMM.dll
0x00000000779c0000 - 0x00000000779c7000 	C:\Windows\system32\PSAPI.DLL
0x0000000069310000 - 0x000000006931f000 	C:\Program Files\Java\jre7\bin\verify.dll
0x00000000692e0000 - 0x0000000069308000 	C:\Program Files\Java\jre7\bin\java.dll
0x0000000062f50000 - 0x0000000062f85000 	C:\Program Files\Java\jre7\bin\jdwp.dll
0x0000000065330000 - 0x0000000065338000 	C:\Program Files\Java\jre7\bin\npt.dll
0x00000000692c0000 - 0x00000000692d5000 	C:\Program Files\Java\jre7\bin\zip.dll
0x0000000069000000 - 0x0000000069009000 	C:\Program Files\Java\jre7\bin\dt_socket.dll
0x000007fefb8b0000 - 0x000007fefb8c5000 	C:\Windows\system32\NLAapi.dll
0x000007fef9f10000 - 0x000007fef9f25000 	C:\Windows\system32\napinsp.dll
0x000007fef9ef0000 - 0x000007fef9f09000 	C:\Windows\system32\pnrpnsp.dll
0x000007fefd440000 - 0x000007fefd495000 	C:\Windows\System32\mswsock.dll
0x000007fefd380000 - 0x000007fefd3db000 	C:\Windows\system32\DNSAPI.dll
0x000007fef9ee0000 - 0x000007fef9eeb000 	C:\Windows\System32\winrnr.dll
0x000007fef9ed0000 - 0x000007fef9ee0000 	C:\Windows\system32\wshbth.dll
0x000000006f720000 - 0x000000006f74e000 	C:\Program Files\Common Files\Microsoft Shared\Windows Live\WLIDNSP.DLL
0x000007fefb320000 - 0x000007fefb347000 	C:\Windows\system32\IPHLPAPI.DLL
0x000007fefb310000 - 0x000007fefb31b000 	C:\Windows\system32\WINNSI.DLL
0x000007fefaac0000 - 0x000007fefab13000 	C:\Windows\System32\fwpuclnt.dll
0x000007fef9ec0000 - 0x000007fef9ec8000 	C:\Windows\system32\rasadhlp.dll
0x000007fefce80000 - 0x000007fefce87000 	C:\Windows\System32\wshtcpip.dll
0x000007fef4370000 - 0x000007fef4495000 	C:\Windows\system32\dbghelp.dll

VM Arguments:
jvm_args: -agentlib:jdwp=transport=dt_socket,suspend=y,address=localhost:47069 -Dfile.encoding=Cp1252 
java_command: de.unistuttgart.dsa2013.bws1.Aufgabe2
Launcher Type: SUN_STANDARD

Environment Variables:
PATH=C:\Program Files (x86)\NVIDIA Corporation\PhysX\Common;C:\Users\Chefingenieur\Documents\AMD APP\bin\x86_64;C:\Users\Chefingenieur\Documents\AMD APP\bin\x86;C:\Program Files (x86)\AMD APP\bin\x86_64;C:\Program Files (x86)\AMD APP\bin\x86;C:\Program Files\Common Files\Microsoft Shared\Windows Live;C:\Windows\system32;C:\Windows;C:\Windows\System32\Wbem;C:\Windows\System32\WindowsPowerShell\v1.0\;C:\Program Files (x86)\ATI Technologies\ATI.ACE\Core-Static;C:\Program Files (x86)\Calibre2\;P:\Technischeanwendungen\MATLAB\R2011b\runtime\win64;P:\Technischeanwendungen\MATLAB\R2011b\bin;C:\Program Files\Common Files\Autodesk Shared\;C:\Program Files (x86)\Autodesk\Backburner\;C:\Program Files (x86)\Common Files\Autodesk Shared\;C:\Users\Viso\AppData\Local\Android\android-sdk\tools;C:\VXIPNP\WinNT\Bin;C:\Program Files\Java\jre7\bin;C:\Program Files\Microsoft\Web Platform Installer\;C:\Program Files (x86)\Microsoft ASP.NET\ASP.NET Web Pages\v1.0\;C:\Program Files (x86)\Windows Kits\8.0\Windows Performance Toolkit\;C:\Program Files\Microsoft SQL Server\110\Tools\Binn\;P:\Büroanwendungen\LaTeX\MiKTeX 32-bit\miktex\bin;P:\Softwareentwicklung\GNAT\2011\bin;C:\Program Files\Common Files\Microsoft Shared\Windows Live;P:\Büroanwendungen\Scrivener
USERNAME=Viso
OS=Windows_NT
PROCESSOR_IDENTIFIER=Intel64 Family 6 Model 42 Stepping 7, GenuineIntel



---------------  S Y S T E M  ---------------

OS: Windows 7 , 64 bit Build 7601 Service Pack 1

CPU:total 4 (4 cores per cpu, 1 threads per core) family 6 model 42 stepping 7, cmov, cx8, fxsr, mmx, sse, sse2, sse3, ssse3, sse4.1, sse4.2, popcnt

Memory: 4k page, physical 8364944k(2143560k free), swap 16728036k(7072008k free)

vm_info: Java HotSpot(TM) 64-Bit Server VM (22.1-b02) for windows-amd64 JRE (1.7.0_03-b05), built on Feb  3 2012 20:43:56 by "java_re" with unknown MS VC++:1600

time: Thu May 23 15:05:18 2013
elapsed time: 150 seconds

